<?xml version="1.0" encoding="UTF-8"?>
<testsuite xmlns:xsi="http://www.w3.org/2001/XMLSchema-instance" xsi:noNamespaceSchemaLocation="https://maven.apache.org/surefire/maven-surefire-plugin/xsd/surefire-test-report-3.0.xsd" version="3.0" name="com.recommendai.sdk.RecommendAIClientTest" time="0.266" tests="9" errors="0" skipped="0" failures="0">
  <properties>
[...]
</properties>
  <testcase name="authenticationError_thrownOn401" classname="com.recommendai.sdk.RecommendAIClientTest" time="0.044"/>
  <testcase name="items_upsert_postsToBulkEndpoint" classname="com.recommendai.sdk.RecommendAIClientTest" time="0.022"/>
  <testcase name="notFoundError_thrownOn404" classname="com.recommendai.sdk.RecommendAIClientTest" time="0.002"/>
  <testcase name="ping_returnsFalseWhen503" classname="com.recommendai.sdk.RecommendAIClientTest" time="0.002"/>
  <testcase name="ping_returnsTrueWhen200" classname="com.recommendai.sdk.RecommendAIClientTest" time="0.002"/>
  <testcase name="rateLimitError_thrownOn429" classname="com.recommendai.sdk.RecommendAIClientTest" time="0.002"/>
  <testcase name="recommendations_get_returnsItems" classname="com.recommendai.sdk.RecommendAIClientTest" time="0.009"/>
  <testcase name="recommendations_popular_passesCategoryParam" classname="com.recommendai.sdk.RecommendAIClientTest" time="0.003"/>
  <testcase name="recommendations_similar_callsCorrectPath" classname="com.recommendai.sdk.RecommendAIClientTest" time="0.002"/>
</testsuite>